Arguments: 
  C:\Program Files\nodejs\node.exe C:\Users\gocom\AppData\Roaming\npm\node_modules\yarn\bin\yarn.js install

PATH: 
  C:\Windows\system32;C:\Windows;C:\Windows\System32\Wbem;C:\Windows\System32\WindowsPowerShell\v1.0\;C:\Program Files\Git\cmd;C:\Program Files\nodejs\;C:\Program Files (x86)\ATI Technologies\ATI.ACE\Core-Static;;C:\Users\gocom\AppData\Roaming\npm;C:\Users\gocom\AppData\Local\Programs\Microsoft VS Code\bin

Yarn version: 
  1.19.0

Node version: 
  12.10.0

Platform: 
  win32 x64

Trace: 
  Error: https://registry.npm.taobao.org/rxjs/download/rxjs-5.5.11.tgz: ESOCKETTIMEDOUT
      at ClientRequest.<anonymous> (C:\Users\gocom\AppData\Roaming\npm\node_modules\yarn\lib\cli.js:141166:19)
      at Object.onceWrapper (events.js:298:28)
      at ClientRequest.emit (events.js:209:13)
      at TLSSocket.emitRequestTimeout (_http_client.js:690:9)
      at Object.onceWrapper (events.js:298:28)
      at TLSSocket.emit (events.js:209:13)
      at TLSSocket.Socket._onTimeout (net.js:468:8)
      at listOnTimeout (internal/timers.js:531:17)
      at processTimers (internal/timers.js:475:7)

npm manifest: 
  {
    "name": "cloud",
    "version": "0.0.1",
    "author": "Ionic Framework",
    "homepage": "http://ionicframework.com/",
    "private": true,
    "scripts": {
      "clean": "ionic-app-scripts clean",
      "build": "ionic-app-scripts build",
      "lint": "ionic-app-scripts lint",
      "ionic:build": "ionic-app-scripts build --prod",
      "ionic:serve": "ionic-app-scripts serve"
    },
    "config": {
      "ionic_copy": "./config/copy.config.js"
    },
    "dependencies": {
      "@angular/animations": "5.2.10",
      "@angular/common": "5.2.10",
      "@angular/compiler": "5.2.10",
      "@angular/compiler-cli": "5.2.10",
      "@angular/core": "5.2.10",
      "@angular/forms": "5.2.10",
      "@angular/http": "5.2.10",
      "@angular/platform-browser": "5.2.10",
      "@angular/platform-browser-dynamic": "5.2.10",
      "@ionic-native/core": "4.7.0",
      "@ionic-native/splash-screen": "4.7.0",
      "@ionic-native/status-bar": "4.7.0",
      "@ionic/pro": "1.0.20",
      "@ionic/storage": "2.1.3",
      "alloycrop": "^1.0.4",
      "dragula": "^3.7.2",
      "ionic-angular": "3.9.2",
      "ionicons": "3.0.0",
      "jquery": "^3.3.1",
      "lodash": "^4.17.10",
      "ng2-dragula": "^2.1.1",
      "rxjs": "5.5.11",
      "sw-toolbox": "3.6.0",
      "zone.js": "0.8.26"
    },
    "devDependencies": {
      "@ionic/app-scripts": "^3.2.0",
      "typescript": "~2.6.2"
    },
    "description": "An Ionic project"
  }

yarn manifest: 
  No manifest

Lockfile: 
  No lockfile
